<?xml version="1.0" encoding="UTF-8"?>
<!-- Generated by org.testng.reporters.JUnitReportReporter -->
<testsuite hostname="LAPTOP-471TUT24" failures="0" tests="1" name="com.redbus.testpages.HomePageTest" time="25.667" errors="0" timestamp="2023-10-12T10:44:07 IST" skipped="0">
  <testcase classname="com.redbus.testpages.HomePageTest" name="Home_Page_Test" time="25.667"/>
  <system-out/>
</testsuite> <!-- com.redbus.testpages.HomePageTest -->
